This file contains any messages produced by compilers while
running configure, to aid debugging if configure makes a mistake.

It was created by spatialite-tools configure 4.3.0, which was
generated by GNU Autoconf 2.69.  Invocation command line was

  $ ./configure 

## --------- ##
## Platform. ##
## --------- ##

hostname = d5660bf433c2
uname -m = x86_64
uname -r = 4.9.184-linuxkit
uname -s = Linux
uname -v = #1 SMP Tue Jul 2 22:58:16 UTC 2019

/usr/bin/uname -p = unknown
/bin/uname -X     = unknown

/bin/arch              = unknown
/usr/bin/arch -k       = unknown
/usr/convex/getsysinfo = unknown
/usr/bin/hostinfo      = unknown
/bin/machine           = unknown
/usr/bin/oslevel       = unknown
/bin/universe          = unknown

PATH: /usr/local/sbin
PATH: /usr/local/bin
PATH: /usr/sbin
PATH: /usr/bin
PATH: /sbin
PATH: /bin


## ----------- ##
## Core tests. ##
## ----------- ##

configure:2560: checking for a BSD-compatible install
configure:2628: result: /usr/bin/install -c
configure:2639: checking whether build environment is sane
configure:2694: result: yes
configure:2732: WARNING: 'missing' script is too old or missing
configure:2845: checking for a thread-safe mkdir -p
configure:2884: result: /bin/mkdir -p
configure:2891: checking for gawk
configure:2921: result: no
configure:2891: checking for mawk
configure:2907: found /usr/bin/mawk
configure:2918: result: mawk
configure:2929: checking whether make sets $(MAKE)
configure:2951: result: yes
configure:2980: checking whether make supports nested variables
configure:2997: result: yes
configure:3124: checking whether to enable maintainer-specific portions of Makefiles
configure:3133: result: no
configure:3185: checking for style of include used by make
configure:3213: result: GNU
configure:3284: checking for gcc
configure:3300: found /usr/bin/gcc
configure:3311: result: gcc
configure:3540: checking for C compiler version
configure:3549: gcc --version >&5
gcc (Ubuntu 5.4.0-6ubuntu1~16.04.12) 5.4.0 20160609
Copyright (C) 2015 Free Software Foundation, Inc.
This is free software; see the source for copying conditions.  There is NO
warranty; not even for MERCHANTABILITY or FITNESS FOR A PARTICULAR PURPOSE.

configure:3560: $? = 0
configure:3549: gcc -v >&5
Using built-in specs.
COLLECT_GCC=gcc
COLLECT_LTO_WRAPPER=/usr/lib/gcc/x86_64-linux-gnu/5/lto-wrapper
Target: x86_64-linux-gnu
Configured with: ../src/configure -v --with-pkgversion='Ubuntu 5.4.0-6ubuntu1~16.04.12' --with-bugurl=file:///usr/share/doc/gcc-5/README.Bugs --enable-languages=c,ada,c++,java,go,d,fortran,objc,obj-c++ --prefix=/usr --program-suffix=-5 --enable-shared --enable-linker-build-id --libexecdir=/usr/lib --without-included-gettext --enable-threads=posix --libdir=/usr/lib --enable-nls --with-sysroot=/ --enable-clocale=gnu --enable-libstdcxx-debug --enable-libstdcxx-time=yes --with-default-libstdcxx-abi=new --enable-gnu-unique-object --disable-vtable-verify --enable-libmpx --enable-plugin --with-system-zlib --disable-browser-plugin --enable-java-awt=gtk --enable-gtk-cairo --with-java-home=/usr/lib/jvm/java-1.5.0-gcj-5-amd64/jre --enable-java-home --with-jvm-root-dir=/usr/lib/jvm/java-1.5.0-gcj-5-amd64 --with-jvm-jar-dir=/usr/lib/jvm-exports/java-1.5.0-gcj-5-amd64 --with-arch-directory=amd64 --with-ecj-jar=/usr/share/java/eclipse-ecj.jar --enable-objc-gc --enable-multiarch --disable-werror --with-arch-32=i686 --with-abi=m64 --with-multilib-list=m32,m64,mx32 --enable-multilib --with-tune=generic --enable-checking=release --build=x86_64-linux-gnu --host=x86_64-linux-gnu --target=x86_64-linux-gnu
Thread model: posix
gcc version 5.4.0 20160609 (Ubuntu 5.4.0-6ubuntu1~16.04.12) 
configure:3560: $? = 0
configure:3549: gcc -V >&5
gcc: error: unrecognized command line option '-V'
gcc: fatal error: no input files
compilation terminated.
configure:3560: $? = 1
configure:3549: gcc -qversion >&5
gcc: error: unrecognized command line option '-qversion'
gcc: fatal error: no input files
compilation terminated.
configure:3560: $? = 1
configure:3580: checking whether the C compiler works
configure:3602: gcc    conftest.c  >&5
configure:3606: $? = 0
configure:3654: result: yes
configure:3657: checking for C compiler default output file name
configure:3659: result: a.out
configure:3665: checking for suffix of executables
configure:3672: gcc -o conftest    conftest.c  >&5
configure:3676: $? = 0
configure:3698: result: 
configure:3720: checking whether we are cross compiling
configure:3728: gcc -o conftest    conftest.c  >&5
configure:3732: $? = 0
configure:3739: ./conftest
configure:3743: $? = 0
configure:3758: result: no
configure:3763: checking for suffix of object files
configure:3785: gcc -c   conftest.c >&5
configure:3789: $? = 0
configure:3810: result: o
configure:3814: checking whether we are using the GNU C compiler
configure:3833: gcc -c   conftest.c >&5
configure:3833: $? = 0
configure:3842: result: yes
configure:3851: checking whether gcc accepts -g
configure:3871: gcc -c -g  conftest.c >&5
configure:3871: $? = 0
configure:3912: result: yes
configure:3929: checking for gcc option to accept ISO C89
configure:3992: gcc  -c -g -O2  conftest.c >&5
configure:3992: $? = 0
configure:4005: result: none needed
configure:4030: checking whether gcc understands -c and -o together
configure:4052: gcc -c conftest.c -o conftest2.o
configure:4055: $? = 0
configure:4052: gcc -c conftest.c -o conftest2.o
configure:4055: $? = 0
configure:4067: result: yes
configure:4086: checking dependency style of gcc
configure:4197: result: gcc3
configure:4218: checking how to run the C preprocessor
configure:4249: gcc -E  conftest.c
configure:4249: $? = 0
configure:4263: gcc -E  conftest.c
conftest.c:11:28: fatal error: ac_nonexistent.h: No such file or directory
compilation terminated.
configure:4263: $? = 1
configure: failed program was:
| /* confdefs.h */
| #define PACKAGE_NAME "spatialite-tools"
| #define PACKAGE_TARNAME "spatialite-tools"
| #define PACKAGE_VERSION "4.3.0"
| #define PACKAGE_STRING "spatialite-tools 4.3.0"
| #define PACKAGE_BUGREPORT "a.furieri@lqt.it"
| #define PACKAGE_URL ""
| #define PACKAGE "spatialite-tools"
| #define VERSION "4.3.0"
| /* end confdefs.h.  */
| #include <ac_nonexistent.h>
configure:4288: result: gcc -E
configure:4308: gcc -E  conftest.c
configure:4308: $? = 0
configure:4322: gcc -E  conftest.c
conftest.c:11:28: fatal error: ac_nonexistent.h: No such file or directory
compilation terminated.
configure:4322: $? = 1
configure: failed program was:
| /* confdefs.h */
| #define PACKAGE_NAME "spatialite-tools"
| #define PACKAGE_TARNAME "spatialite-tools"
| #define PACKAGE_VERSION "4.3.0"
| #define PACKAGE_STRING "spatialite-tools 4.3.0"
| #define PACKAGE_BUGREPORT "a.furieri@lqt.it"
| #define PACKAGE_URL ""
| #define PACKAGE "spatialite-tools"
| #define VERSION "4.3.0"
| /* end confdefs.h.  */
| #include <ac_nonexistent.h>
configure:4351: checking for grep that handles long lines and -e
configure:4409: result: /bin/grep
configure:4414: checking for egrep
configure:4476: result: /bin/grep -E
configure:4481: checking for ANSI C header files
configure:4501: gcc -c -g -O2  conftest.c >&5
configure:4501: $? = 0
configure:4574: gcc -o conftest -g -O2   conftest.c  >&5
configure:4574: $? = 0
configure:4574: ./conftest
configure:4574: $? = 0
configure:4585: result: yes
configure:4598: checking for sys/types.h
configure:4598: gcc -c -g -O2  conftest.c >&5
configure:4598: $? = 0
configure:4598: result: yes
configure:4598: checking for sys/stat.h
configure:4598: gcc -c -g -O2  conftest.c >&5
configure:4598: $? = 0
configure:4598: result: yes
configure:4598: checking for stdlib.h
configure:4598: gcc -c -g -O2  conftest.c >&5
configure:4598: $? = 0
configure:4598: result: yes
configure:4598: checking for string.h
configure:4598: gcc -c -g -O2  conftest.c >&5
configure:4598: $? = 0
configure:4598: result: yes
configure:4598: checking for memory.h
configure:4598: gcc -c -g -O2  conftest.c >&5
configure:4598: $? = 0
configure:4598: result: yes
configure:4598: checking for strings.h
configure:4598: gcc -c -g -O2  conftest.c >&5
configure:4598: $? = 0
configure:4598: result: yes
configure:4598: checking for inttypes.h
configure:4598: gcc -c -g -O2  conftest.c >&5
configure:4598: $? = 0
configure:4598: result: yes
configure:4598: checking for stdint.h
configure:4598: gcc -c -g -O2  conftest.c >&5
configure:4598: $? = 0
configure:4598: result: yes
configure:4598: checking for unistd.h
configure:4598: gcc -c -g -O2  conftest.c >&5
configure:4598: $? = 0
configure:4598: result: yes
configure:4612: checking for stdlib.h
configure:4612: result: yes
configure:4626: checking stdio.h usability
configure:4626: gcc -c -g -O2  conftest.c >&5
configure:4626: $? = 0
configure:4626: result: yes
configure:4626: checking stdio.h presence
configure:4626: gcc -E  conftest.c
configure:4626: $? = 0
configure:4626: result: yes
configure:4626: checking for stdio.h
configure:4626: result: yes
configure:4640: checking for string.h
configure:4640: result: yes
configure:4654: checking for memory.h
configure:4654: result: yes
configure:4668: checking math.h usability
configure:4668: gcc -c -g -O2  conftest.c >&5
configure:4668: $? = 0
configure:4668: result: yes
configure:4668: checking math.h presence
configure:4668: gcc -E  conftest.c
configure:4668: $? = 0
configure:4668: result: yes
configure:4668: checking for math.h
configure:4668: result: yes
configure:4682: checking float.h usability
configure:4682: gcc -c -g -O2  conftest.c >&5
configure:4682: $? = 0
configure:4682: result: yes
configure:4682: checking float.h presence
configure:4682: gcc -E  conftest.c
configure:4682: $? = 0
configure:4682: result: yes
configure:4682: checking for float.h
configure:4682: result: yes
configure:4696: checking fcntl.h usability
configure:4696: gcc -c -g -O2  conftest.c >&5
configure:4696: $? = 0
configure:4696: result: yes
configure:4696: checking fcntl.h presence
configure:4696: gcc -E  conftest.c
configure:4696: $? = 0
configure:4696: result: yes
configure:4696: checking for fcntl.h
configure:4696: result: yes
configure:4710: checking for inttypes.h
configure:4710: result: yes
configure:4724: checking stddef.h usability
configure:4724: gcc -c -g -O2  conftest.c >&5
configure:4724: $? = 0
configure:4724: result: yes
configure:4724: checking stddef.h presence
configure:4724: gcc -E  conftest.c
configure:4724: $? = 0
configure:4724: result: yes
configure:4724: checking for stddef.h
configure:4724: result: yes
configure:4738: checking for stdint.h
configure:4738: result: yes
configure:4752: checking sys/time.h usability
configure:4752: gcc -c -g -O2  conftest.c >&5
configure:4752: $? = 0
configure:4752: result: yes
configure:4752: checking sys/time.h presence
configure:4752: gcc -E  conftest.c
configure:4752: $? = 0
configure:4752: result: yes
configure:4752: checking for sys/time.h
configure:4752: result: yes
configure:4766: checking for unistd.h
configure:4766: result: yes
configure:4780: checking sqlite3.h usability
configure:4780: gcc -c -g -O2  conftest.c >&5
configure:4780: $? = 0
configure:4780: result: yes
configure:4780: checking sqlite3.h presence
configure:4780: gcc -E  conftest.c
configure:4780: $? = 0
configure:4780: result: yes
configure:4780: checking for sqlite3.h
configure:4780: result: yes
configure:4794: checking sqlite3ext.h usability
configure:4794: gcc -c -g -O2  conftest.c >&5
configure:4794: $? = 0
configure:4794: result: yes
configure:4794: checking sqlite3ext.h presence
configure:4794: gcc -E  conftest.c
configure:4794: $? = 0
configure:4794: result: yes
configure:4794: checking for sqlite3ext.h
configure:4794: result: yes
configure:4866: checking for g++
configure:4882: found /usr/bin/g++
configure:4893: result: g++
configure:4920: checking for C++ compiler version
configure:4929: g++ --version >&5
g++ (Ubuntu 5.4.0-6ubuntu1~16.04.12) 5.4.0 20160609
Copyright (C) 2015 Free Software Foundation, Inc.
This is free software; see the source for copying conditions.  There is NO
warranty; not even for MERCHANTABILITY or FITNESS FOR A PARTICULAR PURPOSE.

configure:4940: $? = 0
configure:4929: g++ -v >&5
Using built-in specs.
COLLECT_GCC=g++
COLLECT_LTO_WRAPPER=/usr/lib/gcc/x86_64-linux-gnu/5/lto-wrapper
Target: x86_64-linux-gnu
Configured with: ../src/configure -v --with-pkgversion='Ubuntu 5.4.0-6ubuntu1~16.04.12' --with-bugurl=file:///usr/share/doc/gcc-5/README.Bugs --enable-languages=c,ada,c++,java,go,d,fortran,objc,obj-c++ --prefix=/usr --program-suffix=-5 --enable-shared --enable-linker-build-id --libexecdir=/usr/lib --without-included-gettext --enable-threads=posix --libdir=/usr/lib --enable-nls --with-sysroot=/ --enable-clocale=gnu --enable-libstdcxx-debug --enable-libstdcxx-time=yes --with-default-libstdcxx-abi=new --enable-gnu-unique-object --disable-vtable-verify --enable-libmpx --enable-plugin --with-system-zlib --disable-browser-plugin --enable-java-awt=gtk --enable-gtk-cairo --with-java-home=/usr/lib/jvm/java-1.5.0-gcj-5-amd64/jre --enable-java-home --with-jvm-root-dir=/usr/lib/jvm/java-1.5.0-gcj-5-amd64 --with-jvm-jar-dir=/usr/lib/jvm-exports/java-1.5.0-gcj-5-amd64 --with-arch-directory=amd64 --with-ecj-jar=/usr/share/java/eclipse-ecj.jar --enable-objc-gc --enable-multiarch --disable-werror --with-arch-32=i686 --with-abi=m64 --with-multilib-list=m32,m64,mx32 --enable-multilib --with-tune=generic --enable-checking=release --build=x86_64-linux-gnu --host=x86_64-linux-gnu --target=x86_64-linux-gnu
Thread model: posix
gcc version 5.4.0 20160609 (Ubuntu 5.4.0-6ubuntu1~16.04.12) 
configure:4940: $? = 0
configure:4929: g++ -V >&5
g++: error: unrecognized command line option '-V'
g++: fatal error: no input files
compilation terminated.
configure:4940: $? = 1
configure:4929: g++ -qversion >&5
g++: error: unrecognized command line option '-qversion'
g++: fatal error: no input files
compilation terminated.
configure:4940: $? = 1
configure:4944: checking whether we are using the GNU C++ compiler
configure:4963: g++ -c   conftest.cpp >&5
configure:4963: $? = 0
configure:4972: result: yes
configure:4981: checking whether g++ accepts -g
configure:5001: g++ -c -g  conftest.cpp >&5
configure:5001: $? = 0
configure:5042: result: yes
configure:5067: checking dependency style of g++
configure:5178: result: gcc3
configure:5241: checking for gcc
configure:5268: result: gcc
configure:5497: checking for C compiler version
configure:5506: gcc --version >&5
gcc (Ubuntu 5.4.0-6ubuntu1~16.04.12) 5.4.0 20160609
Copyright (C) 2015 Free Software Foundation, Inc.
This is free software; see the source for copying conditions.  There is NO
warranty; not even for MERCHANTABILITY or FITNESS FOR A PARTICULAR PURPOSE.

configure:5517: $? = 0
configure:5506: gcc -v >&5
Using built-in specs.
COLLECT_GCC=gcc
COLLECT_LTO_WRAPPER=/usr/lib/gcc/x86_64-linux-gnu/5/lto-wrapper
Target: x86_64-linux-gnu
Configured with: ../src/configure -v --with-pkgversion='Ubuntu 5.4.0-6ubuntu1~16.04.12' --with-bugurl=file:///usr/share/doc/gcc-5/README.Bugs --enable-languages=c,ada,c++,java,go,d,fortran,objc,obj-c++ --prefix=/usr --program-suffix=-5 --enable-shared --enable-linker-build-id --libexecdir=/usr/lib --without-included-gettext --enable-threads=posix --libdir=/usr/lib --enable-nls --with-sysroot=/ --enable-clocale=gnu --enable-libstdcxx-debug --enable-libstdcxx-time=yes --with-default-libstdcxx-abi=new --enable-gnu-unique-object --disable-vtable-verify --enable-libmpx --enable-plugin --with-system-zlib --disable-browser-plugin --enable-java-awt=gtk --enable-gtk-cairo --with-java-home=/usr/lib/jvm/java-1.5.0-gcj-5-amd64/jre --enable-java-home --with-jvm-root-dir=/usr/lib/jvm/java-1.5.0-gcj-5-amd64 --with-jvm-jar-dir=/usr/lib/jvm-exports/java-1.5.0-gcj-5-amd64 --with-arch-directory=amd64 --with-ecj-jar=/usr/share/java/eclipse-ecj.jar --enable-objc-gc --enable-multiarch --disable-werror --with-arch-32=i686 --with-abi=m64 --with-multilib-list=m32,m64,mx32 --enable-multilib --with-tune=generic --enable-checking=release --build=x86_64-linux-gnu --host=x86_64-linux-gnu --target=x86_64-linux-gnu
Thread model: posix
gcc version 5.4.0 20160609 (Ubuntu 5.4.0-6ubuntu1~16.04.12) 
configure:5517: $? = 0
configure:5506: gcc -V >&5
gcc: error: unrecognized command line option '-V'
gcc: fatal error: no input files
compilation terminated.
configure:5517: $? = 1
configure:5506: gcc -qversion >&5
gcc: error: unrecognized command line option '-qversion'
gcc: fatal error: no input files
compilation terminated.
configure:5517: $? = 1
configure:5521: checking whether we are using the GNU C compiler
configure:5549: result: yes
configure:5558: checking whether gcc accepts -g
configure:5619: result: yes
configure:5636: checking for gcc option to accept ISO C89
configure:5712: result: none needed
configure:5737: checking whether gcc understands -c and -o together
configure:5774: result: yes
configure:5793: checking dependency style of gcc
configure:5904: result: gcc3
configure:5924: checking how to run the C preprocessor
configure:5994: result: gcc -E
configure:6014: gcc -E  conftest.c
configure:6014: $? = 0
configure:6028: gcc -E  conftest.c
conftest.c:35:28: fatal error: ac_nonexistent.h: No such file or directory
compilation terminated.
configure:6028: $? = 1
configure: failed program was:
| /* confdefs.h */
| #define PACKAGE_NAME "spatialite-tools"
| #define PACKAGE_TARNAME "spatialite-tools"
| #define PACKAGE_VERSION "4.3.0"
| #define PACKAGE_STRING "spatialite-tools 4.3.0"
| #define PACKAGE_BUGREPORT "a.furieri@lqt.it"
| #define PACKAGE_URL ""
| #define PACKAGE "spatialite-tools"
| #define VERSION "4.3.0"
| #define STDC_HEADERS 1
| #define HAVE_SYS_TYPES_H 1
| #define HAVE_SYS_STAT_H 1
| #define HAVE_STDLIB_H 1
| #define HAVE_STRING_H 1
| #define HAVE_MEMORY_H 1
| #define HAVE_STRINGS_H 1
| #define HAVE_INTTYPES_H 1
| #define HAVE_STDINT_H 1
| #define HAVE_UNISTD_H 1
| #define HAVE_STDLIB_H 1
| #define HAVE_STDIO_H 1
| #define HAVE_STRING_H 1
| #define HAVE_MEMORY_H 1
| #define HAVE_MATH_H 1
| #define HAVE_FLOAT_H 1
| #define HAVE_FCNTL_H 1
| #define HAVE_INTTYPES_H 1
| #define HAVE_STDDEF_H 1
| #define HAVE_STDINT_H 1
| #define HAVE_SYS_TIME_H 1
| #define HAVE_UNISTD_H 1
| #define HAVE_SQLITE3_H 1
| #define HAVE_SQLITE3EXT_H 1
| /* end confdefs.h.  */
| #include <ac_nonexistent.h>
configure:6057: checking whether ln -s works
configure:6061: result: yes
configure:6068: checking whether make sets $(MAKE)
configure:6090: result: yes
configure:6103: checking build system type
configure:6117: result: x86_64-unknown-linux-gnu
configure:6137: checking host system type
configure:6150: result: x86_64-unknown-linux-gnu
configure:6519: checking how to print strings
configure:6546: result: printf
configure:6567: checking for a sed that does not truncate output
configure:6631: result: /bin/sed
configure:6649: checking for fgrep
configure:6711: result: /bin/grep -F
configure:6746: checking for ld used by gcc
configure:6813: result: /usr/bin/ld
configure:6820: checking if the linker (/usr/bin/ld) is GNU ld
configure:6835: result: yes
configure:6847: checking for BSD- or MS-compatible name lister (nm)
configure:6896: result: /usr/bin/nm -B
configure:7026: checking the name lister (/usr/bin/nm -B) interface
configure:7033: gcc -c -g -O2  conftest.c >&5
configure:7036: /usr/bin/nm -B "conftest.o"
configure:7039: output
0000000000000000 B some_variable
configure:7046: result: BSD nm
configure:7050: checking the maximum length of command line arguments
configure:7175: result: 1572864
configure:7192: checking whether the shell understands some XSI constructs
configure:7202: result: yes
configure:7206: checking whether the shell understands "+="
configure:7212: result: yes
configure:7247: checking how to convert x86_64-unknown-linux-gnu file names to x86_64-unknown-linux-gnu format
configure:7287: result: func_convert_file_noop
configure:7294: checking how to convert x86_64-unknown-linux-gnu file names to toolchain format
configure:7314: result: func_convert_file_noop
configure:7321: checking for /usr/bin/ld option to reload object files
configure:7328: result: -r
configure:7402: checking for objdump
configure:7429: result: objdump
configure:7458: checking how to recognize dependent libraries
configure:7660: result: pass_all
configure:7745: checking for dlltool
configure:7772: result: dlltool
configure:7802: checking how to associate runtime and link libraries
configure:7829: result: printf %s\n
configure:7889: checking for ar
configure:7905: found /usr/bin/ar
configure:7916: result: ar
configure:7953: checking for archiver @FILE support
configure:7970: gcc -c -g -O2  conftest.c >&5
configure:7970: $? = 0
configure:7973: ar cru libconftest.a @conftest.lst >&5
ar: `u' modifier ignored since `D' is the default (see `U')
configure:7976: $? = 0
configure:7981: ar cru libconftest.a @conftest.lst >&5
ar: `u' modifier ignored since `D' is the default (see `U')
ar: conftest.o: No such file or directory
configure:7984: $? = 1
configure:7996: result: @
configure:8054: checking for strip
configure:8070: found /usr/bin/strip
configure:8081: result: strip
configure:8153: checking for ranlib
configure:8169: found /usr/bin/ranlib
configure:8180: result: ranlib
configure:8282: checking command to parse /usr/bin/nm -B output from gcc object
configure:8401: gcc -c -g -O2  conftest.c >&5
configure:8404: $? = 0
configure:8408: /usr/bin/nm -B conftest.o \| sed -n -e 's/^.*[ ]\([ABCDGIRSTW][ABCDGIRSTW]*\)[ ][ ]*\([_A-Za-z][_A-Za-z0-9]*\)$/\1 \2 \2/p' | sed '/ __gnu_lto/d' \> conftest.nm
configure:8411: $? = 0
configure:8477: gcc -o conftest -g -O2   conftest.c conftstm.o >&5
configure:8480: $? = 0
configure:8518: result: ok
configure:8555: checking for sysroot
configure:8585: result: no
configure:8662: gcc -c -g -O2  conftest.c >&5
configure:8665: $? = 0
configure:8828: checking for mt
configure:8858: result: no
configure:8878: checking if : is a manifest tool
configure:8884: : '-?'
configure:8892: result: no
configure:9521: checking for dlfcn.h
configure:9521: gcc -c -g -O2  conftest.c >&5
configure:9521: $? = 0
configure:9521: result: yes
configure:9717: checking for objdir
configure:9732: result: .libs
configure:10003: checking if gcc supports -fno-rtti -fno-exceptions
configure:10021: gcc -c -g -O2  -fno-rtti -fno-exceptions conftest.c >&5
cc1: warning: command line option '-fno-rtti' is valid for C++/ObjC++ but not for C
configure:10025: $? = 0
configure:10038: result: no
configure:10348: checking for gcc option to produce PIC
configure:10355: result: -fPIC -DPIC
configure:10363: checking if gcc PIC flag -fPIC -DPIC works
configure:10381: gcc -c -g -O2  -fPIC -DPIC -DPIC conftest.c >&5
configure:10385: $? = 0
configure:10398: result: yes
configure:10427: checking if gcc static flag -static works
configure:10455: result: yes
configure:10470: checking if gcc supports -c -o file.o
configure:10491: gcc -c -g -O2  -o out/conftest2.o conftest.c >&5
configure:10495: $? = 0
configure:10517: result: yes
configure:10525: checking if gcc supports -c -o file.o
configure:10572: result: yes
configure:10605: checking whether the gcc linker (/usr/bin/ld) supports shared libraries
configure:11763: result: yes
configure:11800: checking whether -lc should be explicitly linked in
configure:11808: gcc -c -g -O2  conftest.c >&5
configure:11811: $? = 0
configure:11826: gcc -shared  -fPIC -DPIC conftest.o  -v -Wl,-soname -Wl,conftest -o conftest 2\>\&1 \| /bin/grep  -lc  \>/dev/null 2\>\&1
configure:11829: $? = 0
configure:11843: result: no
configure:12008: checking dynamic linker characteristics
configure:12522: gcc -o conftest -g -O2   -Wl,-rpath -Wl,/foo conftest.c  >&5
configure:12522: $? = 0
configure:12748: result: GNU/Linux ld.so
configure:12855: checking how to hardcode library paths into programs
configure:12880: result: immediate
configure:13420: checking whether stripping libraries is possible
configure:13425: result: yes
configure:13460: checking if libtool supports shared libraries
configure:13462: result: yes
configure:13465: checking whether to build shared libraries
configure:13486: result: yes
configure:13489: checking whether to build static libraries
configure:13493: result: yes
configure:13516: checking how to run the C++ preprocessor
configure:13543: g++ -E  conftest.cpp
configure:13543: $? = 0
configure:13557: g++ -E  conftest.cpp
conftest.cpp:37:28: fatal error: ac_nonexistent.h: No such file or directory
compilation terminated.
configure:13557: $? = 1
configure: failed program was:
| /* confdefs.h */
| #define PACKAGE_NAME "spatialite-tools"
| #define PACKAGE_TARNAME "spatialite-tools"
| #define PACKAGE_VERSION "4.3.0"
| #define PACKAGE_STRING "spatialite-tools 4.3.0"
| #define PACKAGE_BUGREPORT "a.furieri@lqt.it"
| #define PACKAGE_URL ""
| #define PACKAGE "spatialite-tools"
| #define VERSION "4.3.0"
| #define STDC_HEADERS 1
| #define HAVE_SYS_TYPES_H 1
| #define HAVE_SYS_STAT_H 1
| #define HAVE_STDLIB_H 1
| #define HAVE_STRING_H 1
| #define HAVE_MEMORY_H 1
| #define HAVE_STRINGS_H 1
| #define HAVE_INTTYPES_H 1
| #define HAVE_STDINT_H 1
| #define HAVE_UNISTD_H 1
| #define HAVE_STDLIB_H 1
| #define HAVE_STDIO_H 1
| #define HAVE_STRING_H 1
| #define HAVE_MEMORY_H 1
| #define HAVE_MATH_H 1
| #define HAVE_FLOAT_H 1
| #define HAVE_FCNTL_H 1
| #define HAVE_INTTYPES_H 1
| #define HAVE_STDDEF_H 1
| #define HAVE_STDINT_H 1
| #define HAVE_SYS_TIME_H 1
| #define HAVE_UNISTD_H 1
| #define HAVE_SQLITE3_H 1
| #define HAVE_SQLITE3EXT_H 1
| #define HAVE_DLFCN_H 1
| #define LT_OBJDIR ".libs/"
| /* end confdefs.h.  */
| #include <ac_nonexistent.h>
configure:13582: result: g++ -E
configure:13602: g++ -E  conftest.cpp
configure:13602: $? = 0
configure:13616: g++ -E  conftest.cpp
conftest.cpp:37:28: fatal error: ac_nonexistent.h: No such file or directory
compilation terminated.
configure:13616: $? = 1
configure: failed program was:
| /* confdefs.h */
| #define PACKAGE_NAME "spatialite-tools"
| #define PACKAGE_TARNAME "spatialite-tools"
| #define PACKAGE_VERSION "4.3.0"
| #define PACKAGE_STRING "spatialite-tools 4.3.0"
| #define PACKAGE_BUGREPORT "a.furieri@lqt.it"
| #define PACKAGE_URL ""
| #define PACKAGE "spatialite-tools"
| #define VERSION "4.3.0"
| #define STDC_HEADERS 1
| #define HAVE_SYS_TYPES_H 1
| #define HAVE_SYS_STAT_H 1
| #define HAVE_STDLIB_H 1
| #define HAVE_STRING_H 1
| #define HAVE_MEMORY_H 1
| #define HAVE_STRINGS_H 1
| #define HAVE_INTTYPES_H 1
| #define HAVE_STDINT_H 1
| #define HAVE_UNISTD_H 1
| #define HAVE_STDLIB_H 1
| #define HAVE_STDIO_H 1
| #define HAVE_STRING_H 1
| #define HAVE_MEMORY_H 1
| #define HAVE_MATH_H 1
| #define HAVE_FLOAT_H 1
| #define HAVE_FCNTL_H 1
| #define HAVE_INTTYPES_H 1
| #define HAVE_STDDEF_H 1
| #define HAVE_STDINT_H 1
| #define HAVE_SYS_TIME_H 1
| #define HAVE_UNISTD_H 1
| #define HAVE_SQLITE3_H 1
| #define HAVE_SQLITE3EXT_H 1
| #define HAVE_DLFCN_H 1
| #define LT_OBJDIR ".libs/"
| /* end confdefs.h.  */
| #include <ac_nonexistent.h>
configure:13786: checking for ld used by g++
configure:13853: result: /usr/bin/ld
configure:13860: checking if the linker (/usr/bin/ld) is GNU ld
configure:13875: result: yes
configure:13930: checking whether the g++ linker (/usr/bin/ld) supports shared libraries
configure:14934: result: yes
configure:14969: g++ -c -g -O2  conftest.cpp >&5
configure:14972: $? = 0
configure:15492: checking for g++ option to produce PIC
configure:15499: result: -fPIC -DPIC
configure:15507: checking if g++ PIC flag -fPIC -DPIC works
configure:15525: g++ -c -g -O2  -fPIC -DPIC -DPIC conftest.cpp >&5
configure:15529: $? = 0
configure:15542: result: yes
configure:15565: checking if g++ static flag -static works
configure:15593: result: yes
configure:15605: checking if g++ supports -c -o file.o
configure:15626: g++ -c -g -O2  -o out/conftest2.o conftest.cpp >&5
configure:15630: $? = 0
configure:15652: result: yes
configure:15657: checking if g++ supports -c -o file.o
configure:15704: result: yes
configure:15734: checking whether the g++ linker (/usr/bin/ld) supports shared libraries
configure:15768: result: yes
configure:15911: checking dynamic linker characteristics
configure:16585: result: GNU/Linux ld.so
configure:16638: checking how to hardcode library paths into programs
configure:16663: result: immediate
configure:16724: checking for an ANSI C-conforming const
configure:16790: gcc -c -g -O2  conftest.c >&5
configure:16790: $? = 0
configure:16797: result: yes
configure:16805: checking for off_t
configure:16805: gcc -c -g -O2  conftest.c >&5
configure:16805: $? = 0
configure:16805: gcc -c -g -O2  conftest.c >&5
conftest.c: In function 'main':
conftest.c:73:20: error: expected expression before ')' token
 if (sizeof ((off_t)))
                    ^
configure:16805: $? = 1
configure: failed program was:
| /* confdefs.h */
| #define PACKAGE_NAME "spatialite-tools"
| #define PACKAGE_TARNAME "spatialite-tools"
| #define PACKAGE_VERSION "4.3.0"
| #define PACKAGE_STRING "spatialite-tools 4.3.0"
| #define PACKAGE_BUGREPORT "a.furieri@lqt.it"
| #define PACKAGE_URL ""
| #define PACKAGE "spatialite-tools"
| #define VERSION "4.3.0"
| #define STDC_HEADERS 1
| #define HAVE_SYS_TYPES_H 1
| #define HAVE_SYS_STAT_H 1
| #define HAVE_STDLIB_H 1
| #define HAVE_STRING_H 1
| #define HAVE_MEMORY_H 1
| #define HAVE_STRINGS_H 1
| #define HAVE_INTTYPES_H 1
| #define HAVE_STDINT_H 1
| #define HAVE_UNISTD_H 1
| #define HAVE_STDLIB_H 1
| #define HAVE_STDIO_H 1
| #define HAVE_STRING_H 1
| #define HAVE_MEMORY_H 1
| #define HAVE_MATH_H 1
| #define HAVE_FLOAT_H 1
| #define HAVE_FCNTL_H 1
| #define HAVE_INTTYPES_H 1
| #define HAVE_STDDEF_H 1
| #define HAVE_STDINT_H 1
| #define HAVE_SYS_TIME_H 1
| #define HAVE_UNISTD_H 1
| #define HAVE_SQLITE3_H 1
| #define HAVE_SQLITE3EXT_H 1
| #define HAVE_DLFCN_H 1
| #define LT_OBJDIR ".libs/"
| /* end confdefs.h.  */
| #include <stdio.h>
| #ifdef HAVE_SYS_TYPES_H
| # include <sys/types.h>
| #endif
| #ifdef HAVE_SYS_STAT_H
| # include <sys/stat.h>
| #endif
| #ifdef STDC_HEADERS
| # include <stdlib.h>
| # include <stddef.h>
| #else
| # ifdef HAVE_STDLIB_H
| #  include <stdlib.h>
| # endif
| #endif
| #ifdef HAVE_STRING_H
| # if !defined STDC_HEADERS && defined HAVE_MEMORY_H
| #  include <memory.h>
| # endif
| # include <string.h>
| #endif
| #ifdef HAVE_STRINGS_H
| # include <strings.h>
| #endif
| #ifdef HAVE_INTTYPES_H
| # include <inttypes.h>
| #endif
| #ifdef HAVE_STDINT_H
| # include <stdint.h>
| #endif
| #ifdef HAVE_UNISTD_H
| # include <unistd.h>
| #endif
| int
| main ()
| {
| if (sizeof ((off_t)))
| 	    return 0;
|   ;
|   return 0;
| }
configure:16805: result: yes
configure:16816: checking for size_t
configure:16816: gcc -c -g -O2  conftest.c >&5
configure:16816: $? = 0
configure:16816: gcc -c -g -O2  conftest.c >&5
conftest.c: In function 'main':
conftest.c:73:21: error: expected expression before ')' token
 if (sizeof ((size_t)))
                     ^
configure:16816: $? = 1
configure: failed program was:
| /* confdefs.h */
| #define PACKAGE_NAME "spatialite-tools"
| #define PACKAGE_TARNAME "spatialite-tools"
| #define PACKAGE_VERSION "4.3.0"
| #define PACKAGE_STRING "spatialite-tools 4.3.0"
| #define PACKAGE_BUGREPORT "a.furieri@lqt.it"
| #define PACKAGE_URL ""
| #define PACKAGE "spatialite-tools"
| #define VERSION "4.3.0"
| #define STDC_HEADERS 1
| #define HAVE_SYS_TYPES_H 1
| #define HAVE_SYS_STAT_H 1
| #define HAVE_STDLIB_H 1
| #define HAVE_STRING_H 1
| #define HAVE_MEMORY_H 1
| #define HAVE_STRINGS_H 1
| #define HAVE_INTTYPES_H 1
| #define HAVE_STDINT_H 1
| #define HAVE_UNISTD_H 1
| #define HAVE_STDLIB_H 1
| #define HAVE_STDIO_H 1
| #define HAVE_STRING_H 1
| #define HAVE_MEMORY_H 1
| #define HAVE_MATH_H 1
| #define HAVE_FLOAT_H 1
| #define HAVE_FCNTL_H 1
| #define HAVE_INTTYPES_H 1
| #define HAVE_STDDEF_H 1
| #define HAVE_STDINT_H 1
| #define HAVE_SYS_TIME_H 1
| #define HAVE_UNISTD_H 1
| #define HAVE_SQLITE3_H 1
| #define HAVE_SQLITE3EXT_H 1
| #define HAVE_DLFCN_H 1
| #define LT_OBJDIR ".libs/"
| /* end confdefs.h.  */
| #include <stdio.h>
| #ifdef HAVE_SYS_TYPES_H
| # include <sys/types.h>
| #endif
| #ifdef HAVE_SYS_STAT_H
| # include <sys/stat.h>
| #endif
| #ifdef STDC_HEADERS
| # include <stdlib.h>
| # include <stddef.h>
| #else
| # ifdef HAVE_STDLIB_H
| #  include <stdlib.h>
| # endif
| #endif
| #ifdef HAVE_STRING_H
| # if !defined STDC_HEADERS && defined HAVE_MEMORY_H
| #  include <memory.h>
| # endif
| # include <string.h>
| #endif
| #ifdef HAVE_STRINGS_H
| # include <strings.h>
| #endif
| #ifdef HAVE_INTTYPES_H
| # include <inttypes.h>
| #endif
| #ifdef HAVE_STDINT_H
| # include <stdint.h>
| #endif
| #ifdef HAVE_UNISTD_H
| # include <unistd.h>
| #endif
| int
| main ()
| {
| if (sizeof ((size_t)))
| 	    return 0;
|   ;
|   return 0;
| }
configure:16816: result: yes
configure:16827: checking whether time.h and sys/time.h may both be included
configure:16847: gcc -c -g -O2  conftest.c >&5
configure:16847: $? = 0
configure:16854: result: yes
configure:16862: checking whether struct tm is in sys/time.h or time.h
configure:16882: gcc -c -g -O2  conftest.c >&5
configure:16882: $? = 0
configure:16889: result: time.h
configure:16897: checking for working volatile
configure:16916: gcc -c -g -O2  conftest.c >&5
configure:16916: $? = 0
configure:16923: result: yes
configure:16933: checking whether lstat correctly handles trailing slash
configure:16959: gcc -o conftest -g -O2   conftest.c  >&5
configure:16959: $? = 0
configure:16959: ./conftest
configure:16959: $? = 0
configure:16976: result: yes
configure:16995: checking whether lstat accepts an empty string
configure:17015: gcc -o conftest -g -O2   conftest.c  >&5
configure:17015: $? = 0
configure:17015: ./conftest
configure:17015: $? = 0
configure:17025: result: no
configure:17041: checking whether lstat correctly handles trailing slash
configure:17084: result: yes
configure:17103: checking for working memcmp
configure:17146: gcc -o conftest -g -O2   conftest.c  >&5
configure:17146: $? = 0
configure:17146: ./conftest
configure:17146: $? = 0
configure:17156: result: yes
configure:17165: checking whether stat accepts an empty string
configure:17185: gcc -o conftest -g -O2   conftest.c  >&5
configure:17185: $? = 0
configure:17185: ./conftest
configure:17185: $? = 0
configure:17195: result: no
configure:17213: checking for strftime
configure:17213: gcc -o conftest -g -O2   conftest.c  >&5
conftest.c:63:6: warning: conflicting types for built-in function 'strftime'
 char strftime ();
      ^
configure:17213: $? = 0
configure:17213: result: yes
configure:17269: checking for memset
configure:17269: gcc -o conftest -g -O2   conftest.c  >&5
conftest.c:64:6: warning: conflicting types for built-in function 'memset'
 char memset ();
      ^
configure:17269: $? = 0
configure:17269: result: yes
configure:17269: checking for sqrt
configure:17269: gcc -o conftest -g -O2   conftest.c  >&5
conftest.c:65:6: warning: conflicting types for built-in function 'sqrt'
 char sqrt ();
      ^
/tmp/ccKe3S8M.o: In function `main':
/spatialite/conftest.c:76: undefined reference to `sqrt'
collect2: error: ld returned 1 exit status
configure:17269: $? = 1
configure: failed program was:
| /* confdefs.h */
| #define PACKAGE_NAME "spatialite-tools"
| #define PACKAGE_TARNAME "spatialite-tools"
| #define PACKAGE_VERSION "4.3.0"
| #define PACKAGE_STRING "spatialite-tools 4.3.0"
| #define PACKAGE_BUGREPORT "a.furieri@lqt.it"
| #define PACKAGE_URL ""
| #define PACKAGE "spatialite-tools"
| #define VERSION "4.3.0"
| #define STDC_HEADERS 1
| #define HAVE_SYS_TYPES_H 1
| #define HAVE_SYS_STAT_H 1
| #define HAVE_STDLIB_H 1
| #define HAVE_STRING_H 1
| #define HAVE_MEMORY_H 1
| #define HAVE_STRINGS_H 1
| #define HAVE_INTTYPES_H 1
| #define HAVE_STDINT_H 1
| #define HAVE_UNISTD_H 1
| #define HAVE_STDLIB_H 1
| #define HAVE_STDIO_H 1
| #define HAVE_STRING_H 1
| #define HAVE_MEMORY_H 1
| #define HAVE_MATH_H 1
| #define HAVE_FLOAT_H 1
| #define HAVE_FCNTL_H 1
| #define HAVE_INTTYPES_H 1
| #define HAVE_STDDEF_H 1
| #define HAVE_STDINT_H 1
| #define HAVE_SYS_TIME_H 1
| #define HAVE_UNISTD_H 1
| #define HAVE_SQLITE3_H 1
| #define HAVE_SQLITE3EXT_H 1
| #define HAVE_DLFCN_H 1
| #define LT_OBJDIR ".libs/"
| #define TIME_WITH_SYS_TIME 1
| #define LSTAT_FOLLOWS_SLASHED_SYMLINK 1
| #define LSTAT_FOLLOWS_SLASHED_SYMLINK 1
| #define HAVE_STRFTIME 1
| #define HAVE_MEMSET 1
| /* end confdefs.h.  */
| /* Define sqrt to an innocuous variant, in case <limits.h> declares sqrt.
|    For example, HP-UX 11i <limits.h> declares gettimeofday.  */
| #define sqrt innocuous_sqrt
| 
| /* System header to define __stub macros and hopefully few prototypes,
|     which can conflict with char sqrt (); below.
|     Prefer <limits.h> to <assert.h> if __STDC__ is defined, since
|     <limits.h> exists even on freestanding compilers.  */
| 
| #ifdef __STDC__
| # include <limits.h>
| #else
| # include <assert.h>
| #endif
| 
| #undef sqrt
| 
| /* Override any GCC internal prototype to avoid an error.
|    Use char because int might match the return type of a GCC
|    builtin and then its argument prototype would still apply.  */
| #ifdef __cplusplus
| extern "C"
| #endif
| char sqrt ();
| /* The GNU C library defines this for functions which it implements
|     to always fail with ENOSYS.  Some functions are actually named
|     something starting with __ and the normal name is an alias.  */
| #if defined __stub_sqrt || defined __stub___sqrt
| choke me
| #endif
| 
| int
| main ()
| {
| return sqrt ();
|   ;
|   return 0;
| }
configure:17269: result: no
configure:17269: checking for strcasecmp
configure:17269: gcc -o conftest -g -O2   conftest.c  >&5
conftest.c:65:6: warning: conflicting types for built-in function 'strcasecmp'
 char strcasecmp ();
      ^
configure:17269: $? = 0
configure:17269: result: yes
configure:17269: checking for strerror
configure:17269: gcc -o conftest -g -O2   conftest.c  >&5
configure:17269: $? = 0
configure:17269: result: yes
configure:17269: checking for strncasecmp
configure:17269: gcc -o conftest -g -O2   conftest.c  >&5
conftest.c:67:6: warning: conflicting types for built-in function 'strncasecmp'
 char strncasecmp ();
      ^
configure:17269: $? = 0
configure:17269: result: yes
configure:17269: checking for strstr
configure:17269: gcc -o conftest -g -O2   conftest.c  >&5
conftest.c:68:6: warning: conflicting types for built-in function 'strstr'
 char strstr ();
      ^
configure:17269: $? = 0
configure:17269: result: yes
configure:17269: checking for fdatasync
configure:17269: gcc -o conftest -g -O2   conftest.c  >&5
configure:17269: $? = 0
configure:17269: result: yes
configure:17269: checking for ftruncate
configure:17269: gcc -o conftest -g -O2   conftest.c  >&5
configure:17269: $? = 0
configure:17269: result: yes
configure:17269: checking for getcwd
configure:17269: gcc -o conftest -g -O2   conftest.c  >&5
configure:17269: $? = 0
configure:17269: result: yes
configure:17269: checking for gettimeofday
configure:17269: gcc -o conftest -g -O2   conftest.c  >&5
configure:17269: $? = 0
configure:17269: result: yes
configure:17269: checking for localtime_r
configure:17269: gcc -o conftest -g -O2   conftest.c  >&5
configure:17269: $? = 0
configure:17269: result: yes
configure:17269: checking for memmove
configure:17269: gcc -o conftest -g -O2   conftest.c  >&5
conftest.c:74:6: warning: conflicting types for built-in function 'memmove'
 char memmove ();
      ^
configure:17269: $? = 0
configure:17269: result: yes
configure:17269: checking for strerror
configure:17269: result: yes
configure:17280: checking for sqlite3_prepare_v2 in -lsqlite3
configure:17305: gcc -o conftest -g -O2   conftest.c -lsqlite3 -lm  >&5
configure:17305: $? = 0
configure:17314: result: yes
configure:17344: checking for library containing tgetent
configure:17375: gcc -o conftest -g -O2   conftest.c  >&5
/tmp/ccOzDsoY.o: In function `main':
/spatialite/conftest.c:65: undefined reference to `tgetent'
collect2: error: ld returned 1 exit status
configure:17375: $? = 1
configure: failed program was:
| /* confdefs.h */
| #define PACKAGE_NAME "spatialite-tools"
| #define PACKAGE_TARNAME "spatialite-tools"
| #define PACKAGE_VERSION "4.3.0"
| #define PACKAGE_STRING "spatialite-tools 4.3.0"
| #define PACKAGE_BUGREPORT "a.furieri@lqt.it"
| #define PACKAGE_URL ""
| #define PACKAGE "spatialite-tools"
| #define VERSION "4.3.0"
| #define STDC_HEADERS 1
| #define HAVE_SYS_TYPES_H 1
| #define HAVE_SYS_STAT_H 1
| #define HAVE_STDLIB_H 1
| #define HAVE_STRING_H 1
| #define HAVE_MEMORY_H 1
| #define HAVE_STRINGS_H 1
| #define HAVE_INTTYPES_H 1
| #define HAVE_STDINT_H 1
| #define HAVE_UNISTD_H 1
| #define HAVE_STDLIB_H 1
| #define HAVE_STDIO_H 1
| #define HAVE_STRING_H 1
| #define HAVE_MEMORY_H 1
| #define HAVE_MATH_H 1
| #define HAVE_FLOAT_H 1
| #define HAVE_FCNTL_H 1
| #define HAVE_INTTYPES_H 1
| #define HAVE_STDDEF_H 1
| #define HAVE_STDINT_H 1
| #define HAVE_SYS_TIME_H 1
| #define HAVE_UNISTD_H 1
| #define HAVE_SQLITE3_H 1
| #define HAVE_SQLITE3EXT_H 1
| #define HAVE_DLFCN_H 1
| #define LT_OBJDIR ".libs/"
| #define TIME_WITH_SYS_TIME 1
| #define LSTAT_FOLLOWS_SLASHED_SYMLINK 1
| #define LSTAT_FOLLOWS_SLASHED_SYMLINK 1
| #define HAVE_STRFTIME 1
| #define HAVE_MEMSET 1
| #define HAVE_STRCASECMP 1
| #define HAVE_STRERROR 1
| #define HAVE_STRNCASECMP 1
| #define HAVE_STRSTR 1
| #define HAVE_FDATASYNC 1
| #define HAVE_FTRUNCATE 1
| #define HAVE_GETCWD 1
| #define HAVE_GETTIMEOFDAY 1
| #define HAVE_LOCALTIME_R 1
| #define HAVE_MEMMOVE 1
| #define HAVE_STRERROR 1
| #define HAVE_LIBSQLITE3 1
| /* end confdefs.h.  */
| 
| /* Override any GCC internal prototype to avoid an error.
|    Use char because int might match the return type of a GCC
|    builtin and then its argument prototype would still apply.  */
| #ifdef __cplusplus
| extern "C"
| #endif
| char tgetent ();
| int
| main ()
| {
| return tgetent ();
|   ;
|   return 0;
| }
configure:17375: gcc -o conftest -g -O2   conftest.c -lcurses   >&5
/usr/bin/ld: cannot find -lcurses
collect2: error: ld returned 1 exit status
configure:17375: $? = 1
configure: failed program was:
| /* confdefs.h */
| #define PACKAGE_NAME "spatialite-tools"
| #define PACKAGE_TARNAME "spatialite-tools"
| #define PACKAGE_VERSION "4.3.0"
| #define PACKAGE_STRING "spatialite-tools 4.3.0"
| #define PACKAGE_BUGREPORT "a.furieri@lqt.it"
| #define PACKAGE_URL ""
| #define PACKAGE "spatialite-tools"
| #define VERSION "4.3.0"
| #define STDC_HEADERS 1
| #define HAVE_SYS_TYPES_H 1
| #define HAVE_SYS_STAT_H 1
| #define HAVE_STDLIB_H 1
| #define HAVE_STRING_H 1
| #define HAVE_MEMORY_H 1
| #define HAVE_STRINGS_H 1
| #define HAVE_INTTYPES_H 1
| #define HAVE_STDINT_H 1
| #define HAVE_UNISTD_H 1
| #define HAVE_STDLIB_H 1
| #define HAVE_STDIO_H 1
| #define HAVE_STRING_H 1
| #define HAVE_MEMORY_H 1
| #define HAVE_MATH_H 1
| #define HAVE_FLOAT_H 1
| #define HAVE_FCNTL_H 1
| #define HAVE_INTTYPES_H 1
| #define HAVE_STDDEF_H 1
| #define HAVE_STDINT_H 1
| #define HAVE_SYS_TIME_H 1
| #define HAVE_UNISTD_H 1
| #define HAVE_SQLITE3_H 1
| #define HAVE_SQLITE3EXT_H 1
| #define HAVE_DLFCN_H 1
| #define LT_OBJDIR ".libs/"
| #define TIME_WITH_SYS_TIME 1
| #define LSTAT_FOLLOWS_SLASHED_SYMLINK 1
| #define LSTAT_FOLLOWS_SLASHED_SYMLINK 1
| #define HAVE_STRFTIME 1
| #define HAVE_MEMSET 1
| #define HAVE_STRCASECMP 1
| #define HAVE_STRERROR 1
| #define HAVE_STRNCASECMP 1
| #define HAVE_STRSTR 1
| #define HAVE_FDATASYNC 1
| #define HAVE_FTRUNCATE 1
| #define HAVE_GETCWD 1
| #define HAVE_GETTIMEOFDAY 1
| #define HAVE_LOCALTIME_R 1
| #define HAVE_MEMMOVE 1
| #define HAVE_STRERROR 1
| #define HAVE_LIBSQLITE3 1
| /* end confdefs.h.  */
| 
| /* Override any GCC internal prototype to avoid an error.
|    Use char because int might match the return type of a GCC
|    builtin and then its argument prototype would still apply.  */
| #ifdef __cplusplus
| extern "C"
| #endif
| char tgetent ();
| int
| main ()
| {
| return tgetent ();
|   ;
|   return 0;
| }
configure:17392: result: no
configure:17400: checking for library containing readline
configure:17431: gcc -o conftest -g -O2   conftest.c  >&5
/tmp/ccomhCJe.o: In function `main':
/spatialite/conftest.c:65: undefined reference to `readline'
collect2: error: ld returned 1 exit status
configure:17431: $? = 1
configure: failed program was:
| /* confdefs.h */
| #define PACKAGE_NAME "spatialite-tools"
| #define PACKAGE_TARNAME "spatialite-tools"
| #define PACKAGE_VERSION "4.3.0"
| #define PACKAGE_STRING "spatialite-tools 4.3.0"
| #define PACKAGE_BUGREPORT "a.furieri@lqt.it"
| #define PACKAGE_URL ""
| #define PACKAGE "spatialite-tools"
| #define VERSION "4.3.0"
| #define STDC_HEADERS 1
| #define HAVE_SYS_TYPES_H 1
| #define HAVE_SYS_STAT_H 1
| #define HAVE_STDLIB_H 1
| #define HAVE_STRING_H 1
| #define HAVE_MEMORY_H 1
| #define HAVE_STRINGS_H 1
| #define HAVE_INTTYPES_H 1
| #define HAVE_STDINT_H 1
| #define HAVE_UNISTD_H 1
| #define HAVE_STDLIB_H 1
| #define HAVE_STDIO_H 1
| #define HAVE_STRING_H 1
| #define HAVE_MEMORY_H 1
| #define HAVE_MATH_H 1
| #define HAVE_FLOAT_H 1
| #define HAVE_FCNTL_H 1
| #define HAVE_INTTYPES_H 1
| #define HAVE_STDDEF_H 1
| #define HAVE_STDINT_H 1
| #define HAVE_SYS_TIME_H 1
| #define HAVE_UNISTD_H 1
| #define HAVE_SQLITE3_H 1
| #define HAVE_SQLITE3EXT_H 1
| #define HAVE_DLFCN_H 1
| #define LT_OBJDIR ".libs/"
| #define TIME_WITH_SYS_TIME 1
| #define LSTAT_FOLLOWS_SLASHED_SYMLINK 1
| #define LSTAT_FOLLOWS_SLASHED_SYMLINK 1
| #define HAVE_STRFTIME 1
| #define HAVE_MEMSET 1
| #define HAVE_STRCASECMP 1
| #define HAVE_STRERROR 1
| #define HAVE_STRNCASECMP 1
| #define HAVE_STRSTR 1
| #define HAVE_FDATASYNC 1
| #define HAVE_FTRUNCATE 1
| #define HAVE_GETCWD 1
| #define HAVE_GETTIMEOFDAY 1
| #define HAVE_LOCALTIME_R 1
| #define HAVE_MEMMOVE 1
| #define HAVE_STRERROR 1
| #define HAVE_LIBSQLITE3 1
| /* end confdefs.h.  */
| 
| /* Override any GCC internal prototype to avoid an error.
|    Use char because int might match the return type of a GCC
|    builtin and then its argument prototype would still apply.  */
| #ifdef __cplusplus
| extern "C"
| #endif
| char readline ();
| int
| main ()
| {
| return readline ();
|   ;
|   return 0;
| }
configure:17431: gcc -o conftest -g -O2   conftest.c -lreadline   >&5
/usr/bin/ld: cannot find -lreadline
collect2: error: ld returned 1 exit status
configure:17431: $? = 1
configure: failed program was:
| /* confdefs.h */
| #define PACKAGE_NAME "spatialite-tools"
| #define PACKAGE_TARNAME "spatialite-tools"
| #define PACKAGE_VERSION "4.3.0"
| #define PACKAGE_STRING "spatialite-tools 4.3.0"
| #define PACKAGE_BUGREPORT "a.furieri@lqt.it"
| #define PACKAGE_URL ""
| #define PACKAGE "spatialite-tools"
| #define VERSION "4.3.0"
| #define STDC_HEADERS 1
| #define HAVE_SYS_TYPES_H 1
| #define HAVE_SYS_STAT_H 1
| #define HAVE_STDLIB_H 1
| #define HAVE_STRING_H 1
| #define HAVE_MEMORY_H 1
| #define HAVE_STRINGS_H 1
| #define HAVE_INTTYPES_H 1
| #define HAVE_STDINT_H 1
| #define HAVE_UNISTD_H 1
| #define HAVE_STDLIB_H 1
| #define HAVE_STDIO_H 1
| #define HAVE_STRING_H 1
| #define HAVE_MEMORY_H 1
| #define HAVE_MATH_H 1
| #define HAVE_FLOAT_H 1
| #define HAVE_FCNTL_H 1
| #define HAVE_INTTYPES_H 1
| #define HAVE_STDDEF_H 1
| #define HAVE_STDINT_H 1
| #define HAVE_SYS_TIME_H 1
| #define HAVE_UNISTD_H 1
| #define HAVE_SQLITE3_H 1
| #define HAVE_SQLITE3EXT_H 1
| #define HAVE_DLFCN_H 1
| #define LT_OBJDIR ".libs/"
| #define TIME_WITH_SYS_TIME 1
| #define LSTAT_FOLLOWS_SLASHED_SYMLINK 1
| #define LSTAT_FOLLOWS_SLASHED_SYMLINK 1
| #define HAVE_STRFTIME 1
| #define HAVE_MEMSET 1
| #define HAVE_STRCASECMP 1
| #define HAVE_STRERROR 1
| #define HAVE_STRNCASECMP 1
| #define HAVE_STRSTR 1
| #define HAVE_FDATASYNC 1
| #define HAVE_FTRUNCATE 1
| #define HAVE_GETCWD 1
| #define HAVE_GETTIMEOFDAY 1
| #define HAVE_LOCALTIME_R 1
| #define HAVE_MEMMOVE 1
| #define HAVE_STRERROR 1
| #define HAVE_LIBSQLITE3 1
| /* end confdefs.h.  */
| 
| /* Override any GCC internal prototype to avoid an error.
|    Use char because int might match the return type of a GCC
|    builtin and then its argument prototype would still apply.  */
| #ifdef __cplusplus
| extern "C"
| #endif
| char readline ();
| int
| main ()
| {
| return readline ();
|   ;
|   return 0;
| }
configure:17448: result: no
configure:17460: checking for readline
configure:17460: gcc -o conftest -g -O2   conftest.c  >&5
/tmp/ccgMkSJy.o: In function `main':
/spatialite/conftest.c:88: undefined reference to `readline'
collect2: error: ld returned 1 exit status
configure:17460: $? = 1
configure: failed program was:
| /* confdefs.h */
| #define PACKAGE_NAME "spatialite-tools"
| #define PACKAGE_TARNAME "spatialite-tools"
| #define PACKAGE_VERSION "4.3.0"
| #define PACKAGE_STRING "spatialite-tools 4.3.0"
| #define PACKAGE_BUGREPORT "a.furieri@lqt.it"
| #define PACKAGE_URL ""
| #define PACKAGE "spatialite-tools"
| #define VERSION "4.3.0"
| #define STDC_HEADERS 1
| #define HAVE_SYS_TYPES_H 1
| #define HAVE_SYS_STAT_H 1
| #define HAVE_STDLIB_H 1
| #define HAVE_STRING_H 1
| #define HAVE_MEMORY_H 1
| #define HAVE_STRINGS_H 1
| #define HAVE_INTTYPES_H 1
| #define HAVE_STDINT_H 1
| #define HAVE_UNISTD_H 1
| #define HAVE_STDLIB_H 1
| #define HAVE_STDIO_H 1
| #define HAVE_STRING_H 1
| #define HAVE_MEMORY_H 1
| #define HAVE_MATH_H 1
| #define HAVE_FLOAT_H 1
| #define HAVE_FCNTL_H 1
| #define HAVE_INTTYPES_H 1
| #define HAVE_STDDEF_H 1
| #define HAVE_STDINT_H 1
| #define HAVE_SYS_TIME_H 1
| #define HAVE_UNISTD_H 1
| #define HAVE_SQLITE3_H 1
| #define HAVE_SQLITE3EXT_H 1
| #define HAVE_DLFCN_H 1
| #define LT_OBJDIR ".libs/"
| #define TIME_WITH_SYS_TIME 1
| #define LSTAT_FOLLOWS_SLASHED_SYMLINK 1
| #define LSTAT_FOLLOWS_SLASHED_SYMLINK 1
| #define HAVE_STRFTIME 1
| #define HAVE_MEMSET 1
| #define HAVE_STRCASECMP 1
| #define HAVE_STRERROR 1
| #define HAVE_STRNCASECMP 1
| #define HAVE_STRSTR 1
| #define HAVE_FDATASYNC 1
| #define HAVE_FTRUNCATE 1
| #define HAVE_GETCWD 1
| #define HAVE_GETTIMEOFDAY 1
| #define HAVE_LOCALTIME_R 1
| #define HAVE_MEMMOVE 1
| #define HAVE_STRERROR 1
| #define HAVE_LIBSQLITE3 1
| /* end confdefs.h.  */
| /* Define readline to an innocuous variant, in case <limits.h> declares readline.
|    For example, HP-UX 11i <limits.h> declares gettimeofday.  */
| #define readline innocuous_readline
| 
| /* System header to define __stub macros and hopefully few prototypes,
|     which can conflict with char readline (); below.
|     Prefer <limits.h> to <assert.h> if __STDC__ is defined, since
|     <limits.h> exists even on freestanding compilers.  */
| 
| #ifdef __STDC__
| # include <limits.h>
| #else
| # include <assert.h>
| #endif
| 
| #undef readline
| 
| /* Override any GCC internal prototype to avoid an error.
|    Use char because int might match the return type of a GCC
|    builtin and then its argument prototype would still apply.  */
| #ifdef __cplusplus
| extern "C"
| #endif
| char readline ();
| /* The GNU C library defines this for functions which it implements
|     to always fail with ENOSYS.  Some functions are actually named
|     something starting with __ and the normal name is an alias.  */
| #if defined __stub_readline || defined __stub___readline
| choke me
| #endif
| 
| int
| main ()
| {
| return readline ();
|   ;
|   return 0;
| }
configure:17460: result: no
configure:17476: checking expat.h usability
configure:17476: gcc -c -g -O2  conftest.c >&5
configure:17476: $? = 0
configure:17476: result: yes
configure:17476: checking expat.h presence
configure:17476: gcc -E  conftest.c
configure:17476: $? = 0
configure:17476: result: yes
configure:17476: checking for expat.h
configure:17476: result: yes
configure:17488: checking for XML_ParserCreate in -lexpat
configure:17513: gcc -o conftest -g -O2   conftest.c -lexpat  -lsqlite3  >&5
configure:17513: $? = 0
configure:17522: result: yes
configure:17535: checking for pj_init_plus in -lproj
configure:17560: gcc -o conftest -g -O2   conftest.c -lproj -lm -lexpat -lsqlite3  >&5
configure:17560: $? = 0
configure:17569: result: yes
configure:17598: checking for geos-config
configure:17616: found /usr/bin/geos-config
configure:17628: result: /usr/bin/geos-config
configure:17663: checking geos_c.h usability
configure:17663: gcc -c -g -O2 -I/usr/include conftest.c >&5
configure:17663: $? = 0
configure:17663: result: yes
configure:17663: checking geos_c.h presence
configure:17663: gcc -E -I/usr/include conftest.c
configure:17663: $? = 0
configure:17663: result: yes
configure:17663: checking for geos_c.h
configure:17663: result: yes
configure:17679: checking for library containing GEOSTopologyPreserveSimplify
configure:17710: gcc -o conftest -g -O2   conftest.c -L/usr/lib/x86_64-linux-gnu >&5
/tmp/ccbqrHhp.o: In function `main':
/spatialite/conftest.c:69: undefined reference to `GEOSTopologyPreserveSimplify'
collect2: error: ld returned 1 exit status
configure:17710: $? = 1
configure: failed program was:
| /* confdefs.h */
| #define PACKAGE_NAME "spatialite-tools"
| #define PACKAGE_TARNAME "spatialite-tools"
| #define PACKAGE_VERSION "4.3.0"
| #define PACKAGE_STRING "spatialite-tools 4.3.0"
| #define PACKAGE_BUGREPORT "a.furieri@lqt.it"
| #define PACKAGE_URL ""
| #define PACKAGE "spatialite-tools"
| #define VERSION "4.3.0"
| #define STDC_HEADERS 1
| #define HAVE_SYS_TYPES_H 1
| #define HAVE_SYS_STAT_H 1
| #define HAVE_STDLIB_H 1
| #define HAVE_STRING_H 1
| #define HAVE_MEMORY_H 1
| #define HAVE_STRINGS_H 1
| #define HAVE_INTTYPES_H 1
| #define HAVE_STDINT_H 1
| #define HAVE_UNISTD_H 1
| #define HAVE_STDLIB_H 1
| #define HAVE_STDIO_H 1
| #define HAVE_STRING_H 1
| #define HAVE_MEMORY_H 1
| #define HAVE_MATH_H 1
| #define HAVE_FLOAT_H 1
| #define HAVE_FCNTL_H 1
| #define HAVE_INTTYPES_H 1
| #define HAVE_STDDEF_H 1
| #define HAVE_STDINT_H 1
| #define HAVE_SYS_TIME_H 1
| #define HAVE_UNISTD_H 1
| #define HAVE_SQLITE3_H 1
| #define HAVE_SQLITE3EXT_H 1
| #define HAVE_DLFCN_H 1
| #define LT_OBJDIR ".libs/"
| #define TIME_WITH_SYS_TIME 1
| #define LSTAT_FOLLOWS_SLASHED_SYMLINK 1
| #define LSTAT_FOLLOWS_SLASHED_SYMLINK 1
| #define HAVE_STRFTIME 1
| #define HAVE_MEMSET 1
| #define HAVE_STRCASECMP 1
| #define HAVE_STRERROR 1
| #define HAVE_STRNCASECMP 1
| #define HAVE_STRSTR 1
| #define HAVE_FDATASYNC 1
| #define HAVE_FTRUNCATE 1
| #define HAVE_GETCWD 1
| #define HAVE_GETTIMEOFDAY 1
| #define HAVE_LOCALTIME_R 1
| #define HAVE_MEMMOVE 1
| #define HAVE_STRERROR 1
| #define HAVE_LIBSQLITE3 1
| #define HAVE_EXPAT_H 1
| #define HAVE_LIBEXPAT 1
| #define HAVE_LIBPROJ 1
| #define HAVE_GEOS_C_H 1
| /* end confdefs.h.  */
| 
| /* Override any GCC internal prototype to avoid an error.
|    Use char because int might match the return type of a GCC
|    builtin and then its argument prototype would still apply.  */
| #ifdef __cplusplus
| extern "C"
| #endif
| char GEOSTopologyPreserveSimplify ();
| int
| main ()
| {
| return GEOSTopologyPreserveSimplify ();
|   ;
|   return 0;
| }
configure:17710: gcc -o conftest -g -O2   conftest.c -lgeos_c  -L/usr/lib/x86_64-linux-gnu >&5
configure:17710: $? = 0
configure:17727: result: -lgeos_c
configure:17794: checking for pkg-config
configure:17812: found /usr/bin/pkg-config
configure:17824: result: /usr/bin/pkg-config
configure:17849: checking pkg-config is at least version 0.9.0
configure:17852: result: yes
configure:17862: checking for LIBSPATIALITE
configure:17869: $PKG_CONFIG --exists --print-errors "spatialite"
configure:17872: $? = 0
configure:17886: $PKG_CONFIG --exists --print-errors "spatialite"
configure:17889: $? = 0
configure:17927: result: yes
configure:17952: checking for LIBFREEXL
configure:17959: $PKG_CONFIG --exists --print-errors "freexl"
configure:17962: $? = 0
configure:17976: $PKG_CONFIG --exists --print-errors "freexl"
configure:17979: $? = 0
configure:18017: result: yes
configure:18041: checking for LIBREADOSM
configure:18048: $PKG_CONFIG --exists --print-errors "readosm"
configure:18051: $? = 0
configure:18065: $PKG_CONFIG --exists --print-errors "readosm"
configure:18068: $? = 0
configure:18106: result: yes
configure:18140: checking for LIBXML2
configure:18147: $PKG_CONFIG --exists --print-errors "libxml-2.0"
configure:18150: $? = 0
configure:18164: $PKG_CONFIG --exists --print-errors "libxml-2.0"
configure:18167: $? = 0
configure:18205: result: yes
configure:18216: checking whether SQLITE_CONFIG_URI is declared
configure:18216: gcc -c -g -O2  conftest.c >&5
configure:18216: $? = 0
configure:18216: result: yes
configure:18223: checking whether SQLITE_DBSTATUS_LOOKASIDE_USED is declared
configure:18223: gcc -c -g -O2  conftest.c >&5
configure:18223: $? = 0
configure:18223: result: yes
configure:18230: checking whether SQLITE_DBSTATUS_LOOKASIDE_HIT is declared
configure:18230: gcc -c -g -O2  conftest.c >&5
configure:18230: $? = 0
configure:18230: result: yes
configure:18237: checking whether SQLITE_DBSTATUS_LOOKASIDE_MISS_SIZE is declared
configure:18237: gcc -c -g -O2  conftest.c >&5
configure:18237: $? = 0
configure:18237: result: yes
configure:18244: checking whether SQLITE_DBSTATUS_LOOKASIDE_MISS_FULL is declared
configure:18244: gcc -c -g -O2  conftest.c >&5
configure:18244: $? = 0
configure:18244: result: yes
configure:18251: checking whether SQLITE_DBSTATUS_CACHE_USED is declared
configure:18251: gcc -c -g -O2  conftest.c >&5
configure:18251: $? = 0
configure:18251: result: yes
configure:18258: checking whether SQLITE_DBSTATUS_CACHE_HIT is declared
configure:18258: gcc -c -g -O2  conftest.c >&5
configure:18258: $? = 0
configure:18258: result: yes
configure:18265: checking whether SQLITE_DBSTATUS_CACHE_MISS is declared
configure:18265: gcc -c -g -O2  conftest.c >&5
configure:18265: $? = 0
configure:18265: result: yes
configure:18272: checking whether SQLITE_DBSTATUS_CACHE_WRITE is declared
configure:18272: gcc -c -g -O2  conftest.c >&5
configure:18272: $? = 0
configure:18272: result: yes
configure:18279: checking whether SQLITE_DBSTATUS_SCHEMA_USED is declared
configure:18279: gcc -c -g -O2  conftest.c >&5
configure:18279: $? = 0
configure:18279: result: yes
configure:18286: checking whether SQLITE_DBSTATUS_STMT_USED is declared
configure:18286: gcc -c -g -O2  conftest.c >&5
configure:18286: $? = 0
configure:18286: result: yes
configure:18293: checking whether SQLITE_STMTSTATUS_FULLSCAN_STEP is declared
configure:18293: gcc -c -g -O2  conftest.c >&5
configure:18293: $? = 0
configure:18293: result: yes
configure:18300: checking whether SQLITE_STMTSTATUS_SORT is declared
configure:18300: gcc -c -g -O2  conftest.c >&5
configure:18300: $? = 0
configure:18300: result: yes
configure:18307: checking whether SQLITE_STMTSTATUS_AUTOINDEX is declared
configure:18307: gcc -c -g -O2  conftest.c >&5
configure:18307: $? = 0
configure:18307: result: yes
configure:18314: checking whether SQLITE_TESTCTRL_EXPLAIN_STMT is declared
configure:18314: gcc -c -g -O2  conftest.c >&5
configure:18314: $? = 0
configure:18314: result: yes
configure:18321: checking whether SQLITE_FCNTL_VFSNAME is declared
configure:18321: gcc -c -g -O2  conftest.c >&5
configure:18321: $? = 0
configure:18321: result: yes
configure:18437: checking that generated files are newer than configure
configure:18443: result: done
configure:18482: creating ./config.status

## ---------------------- ##
## Running config.status. ##
## ---------------------- ##

This file was extended by spatialite-tools config.status 4.3.0, which was
generated by GNU Autoconf 2.69.  Invocation command line was

  CONFIG_FILES    = 
  CONFIG_HEADERS  = 
  CONFIG_LINKS    = 
  CONFIG_COMMANDS = 
  $ ./config.status 

on d5660bf433c2

config.status:1218: creating Makefile
config.status:1218: creating config.h
config.status:1447: executing depfiles commands
config.status:1447: executing libtool commands

## ---------------- ##
## Cache variables. ##
## ---------------- ##

ac_cv_build=x86_64-unknown-linux-gnu
ac_cv_c_compiler_gnu=yes
ac_cv_c_const=yes
ac_cv_c_volatile=yes
ac_cv_cxx_compiler_gnu=yes
ac_cv_env_CCC_set=
ac_cv_env_CCC_value=
ac_cv_env_CC_set=
ac_cv_env_CC_value=
ac_cv_env_CFLAGS_set=
ac_cv_env_CFLAGS_value=
ac_cv_env_CPPFLAGS_set=
ac_cv_env_CPPFLAGS_value=
ac_cv_env_CPP_set=
ac_cv_env_CPP_value=
ac_cv_env_CXXCPP_set=
ac_cv_env_CXXCPP_value=
ac_cv_env_CXXFLAGS_set=
ac_cv_env_CXXFLAGS_value=
ac_cv_env_CXX_set=
ac_cv_env_CXX_value=
ac_cv_env_LDFLAGS_set=
ac_cv_env_LDFLAGS_value=
ac_cv_env_LIBFREEXL_CFLAGS_set=
ac_cv_env_LIBFREEXL_CFLAGS_value=
ac_cv_env_LIBFREEXL_LIBS_set=
ac_cv_env_LIBFREEXL_LIBS_value=
ac_cv_env_LIBREADOSM_CFLAGS_set=
ac_cv_env_LIBREADOSM_CFLAGS_value=
ac_cv_env_LIBREADOSM_LIBS_set=
ac_cv_env_LIBREADOSM_LIBS_value=
ac_cv_env_LIBSPATIALITE_CFLAGS_set=
ac_cv_env_LIBSPATIALITE_CFLAGS_value=
ac_cv_env_LIBSPATIALITE_LIBS_set=
ac_cv_env_LIBSPATIALITE_LIBS_value=
ac_cv_env_LIBS_set=
ac_cv_env_LIBS_value=
ac_cv_env_LIBXML2_CFLAGS_set=
ac_cv_env_LIBXML2_CFLAGS_value=
ac_cv_env_LIBXML2_LIBS_set=
ac_cv_env_LIBXML2_LIBS_value=
ac_cv_env_PKG_CONFIG_LIBDIR_set=
ac_cv_env_PKG_CONFIG_LIBDIR_value=
ac_cv_env_PKG_CONFIG_PATH_set=
ac_cv_env_PKG_CONFIG_PATH_value=
ac_cv_env_PKG_CONFIG_set=
ac_cv_env_PKG_CONFIG_value=
ac_cv_env_build_alias_set=
ac_cv_env_build_alias_value=
ac_cv_env_host_alias_set=
ac_cv_env_host_alias_value=
ac_cv_env_target_alias_set=
ac_cv_env_target_alias_value=
ac_cv_func_fdatasync=yes
ac_cv_func_ftruncate=yes
ac_cv_func_getcwd=yes
ac_cv_func_gettimeofday=yes
ac_cv_func_localtime_r=yes
ac_cv_func_lstat_dereferences_slashed_symlink=yes
ac_cv_func_lstat_empty_string_bug=no
ac_cv_func_memcmp_working=yes
ac_cv_func_memmove=yes
ac_cv_func_memset=yes
ac_cv_func_readline=no
ac_cv_func_sqrt=no
ac_cv_func_stat_empty_string_bug=no
ac_cv_func_strcasecmp=yes
ac_cv_func_strerror=yes
ac_cv_func_strftime=yes
ac_cv_func_strncasecmp=yes
ac_cv_func_strstr=yes
ac_cv_have_decl_SQLITE_CONFIG_URI=yes
ac_cv_have_decl_SQLITE_DBSTATUS_CACHE_HIT=yes
ac_cv_have_decl_SQLITE_DBSTATUS_CACHE_MISS=yes
ac_cv_have_decl_SQLITE_DBSTATUS_CACHE_USED=yes
ac_cv_have_decl_SQLITE_DBSTATUS_CACHE_WRITE=yes
ac_cv_have_decl_SQLITE_DBSTATUS_LOOKASIDE_HIT=yes
ac_cv_have_decl_SQLITE_DBSTATUS_LOOKASIDE_MISS_FULL=yes
ac_cv_have_decl_SQLITE_DBSTATUS_LOOKASIDE_MISS_SIZE=yes
ac_cv_have_decl_SQLITE_DBSTATUS_LOOKASIDE_USED=yes
ac_cv_have_decl_SQLITE_DBSTATUS_SCHEMA_USED=yes
ac_cv_have_decl_SQLITE_DBSTATUS_STMT_USED=yes
ac_cv_have_decl_SQLITE_FCNTL_VFSNAME=yes
ac_cv_have_decl_SQLITE_STMTSTATUS_AUTOINDEX=yes
ac_cv_have_decl_SQLITE_STMTSTATUS_FULLSCAN_STEP=yes
ac_cv_have_decl_SQLITE_STMTSTATUS_SORT=yes
ac_cv_have_decl_SQLITE_TESTCTRL_EXPLAIN_STMT=yes
ac_cv_header_dlfcn_h=yes
ac_cv_header_expat_h=yes
ac_cv_header_fcntl_h=yes
ac_cv_header_float_h=yes
ac_cv_header_geos_c_h=yes
ac_cv_header_inttypes_h=yes
ac_cv_header_math_h=yes
ac_cv_header_memory_h=yes
ac_cv_header_sqlite3_h=yes
ac_cv_header_sqlite3ext_h=yes
ac_cv_header_stdc=yes
ac_cv_header_stddef_h=yes
ac_cv_header_stdint_h=yes
ac_cv_header_stdio_h=yes
ac_cv_header_stdlib_h=yes
ac_cv_header_string_h=yes
ac_cv_header_strings_h=yes
ac_cv_header_sys_stat_h=yes
ac_cv_header_sys_time_h=yes
ac_cv_header_sys_types_h=yes
ac_cv_header_time=yes
ac_cv_header_unistd_h=yes
ac_cv_host=x86_64-unknown-linux-gnu
ac_cv_lib_expat_XML_ParserCreate=yes
ac_cv_lib_proj_pj_init_plus=yes
ac_cv_lib_sqlite3_sqlite3_prepare_v2=yes
ac_cv_objext=o
ac_cv_path_EGREP='/bin/grep -E'
ac_cv_path_FGREP='/bin/grep -F'
ac_cv_path_GEOSCONFIG=/usr/bin/geos-config
ac_cv_path_GREP=/bin/grep
ac_cv_path_SED=/bin/sed
ac_cv_path_ac_pt_PKG_CONFIG=/usr/bin/pkg-config
ac_cv_path_install='/usr/bin/install -c'
ac_cv_path_mkdir=/bin/mkdir
ac_cv_prog_AWK=mawk
ac_cv_prog_CPP='gcc -E'
ac_cv_prog_CXXCPP='g++ -E'
ac_cv_prog_ac_ct_AR=ar
ac_cv_prog_ac_ct_CC=gcc
ac_cv_prog_ac_ct_CXX=g++
ac_cv_prog_ac_ct_DLLTOOL=dlltool
ac_cv_prog_ac_ct_OBJDUMP=objdump
ac_cv_prog_ac_ct_RANLIB=ranlib
ac_cv_prog_ac_ct_STRIP=strip
ac_cv_prog_cc_c89=
ac_cv_prog_cc_g=yes
ac_cv_prog_cxx_g=yes
ac_cv_prog_make_make_set=yes
ac_cv_search_GEOSTopologyPreserveSimplify=-lgeos_c
ac_cv_search_readline=no
ac_cv_search_tgetent=no
ac_cv_struct_tm=time.h
ac_cv_type_off_t=yes
ac_cv_type_size_t=yes
am_cv_CC_dependencies_compiler_type=gcc3
am_cv_CXX_dependencies_compiler_type=gcc3
am_cv_make_support_nested_variables=yes
am_cv_prog_cc_c_o=yes
lt_cv_ar_at_file=@
lt_cv_archive_cmds_need_lc=no
lt_cv_deplibs_check_method=pass_all
lt_cv_file_magic_cmd='$MAGIC_CMD'
lt_cv_file_magic_test_file=
lt_cv_ld_reload_flag=-r
lt_cv_nm_interface='BSD nm'
lt_cv_objdir=.libs
lt_cv_path_LD=/usr/bin/ld
lt_cv_path_LDCXX=/usr/bin/ld
lt_cv_path_NM='/usr/bin/nm -B'
lt_cv_path_mainfest_tool=no
lt_cv_prog_compiler_c_o=yes
lt_cv_prog_compiler_c_o_CXX=yes
lt_cv_prog_compiler_pic='-fPIC -DPIC'
lt_cv_prog_compiler_pic_CXX='-fPIC -DPIC'
lt_cv_prog_compiler_pic_works=yes
lt_cv_prog_compiler_pic_works_CXX=yes
lt_cv_prog_compiler_rtti_exceptions=no
lt_cv_prog_compiler_static_works=yes
lt_cv_prog_compiler_static_works_CXX=yes
lt_cv_prog_gnu_ld=yes
lt_cv_prog_gnu_ldcxx=yes
lt_cv_sharedlib_from_linklib_cmd='printf %s\n'
lt_cv_shlibpath_overrides_runpath=no
lt_cv_sys_global_symbol_pipe='sed -n -e '\''s/^.*[	 ]\([ABCDGIRSTW][ABCDGIRSTW]*\)[	 ][	 ]*\([_A-Za-z][_A-Za-z0-9]*\)$/\1 \2 \2/p'\'' | sed '\''/ __gnu_lto/d'\'''
lt_cv_sys_global_symbol_to_c_name_address='sed -n -e '\''s/^: \([^ ]*\)[ ]*$/  {\"\1\", (void *) 0},/p'\'' -e '\''s/^[ABCDGIRSTW]* \([^ ]*\) \([^ ]*\)$/  {"\2", (void *) \&\2},/p'\'''
lt_cv_sys_global_symbol_to_c_name_address_lib_prefix='sed -n -e '\''s/^: \([^ ]*\)[ ]*$/  {\"\1\", (void *) 0},/p'\'' -e '\''s/^[ABCDGIRSTW]* \([^ ]*\) \(lib[^ ]*\)$/  {"\2", (void *) \&\2},/p'\'' -e '\''s/^[ABCDGIRSTW]* \([^ ]*\) \([^ ]*\)$/  {"lib\2", (void *) \&\2},/p'\'''
lt_cv_sys_global_symbol_to_cdecl='sed -n -e '\''s/^T .* \(.*\)$/extern int \1();/p'\'' -e '\''s/^[ABCDGIRSTW]* .* \(.*\)$/extern char \1;/p'\'''
lt_cv_sys_max_cmd_len=1572864
lt_cv_to_host_file_cmd=func_convert_file_noop
lt_cv_to_tool_file_cmd=func_convert_file_noop
pkg_cv_LIBFREEXL_CFLAGS=
pkg_cv_LIBFREEXL_LIBS='-lfreexl -lm'
pkg_cv_LIBREADOSM_CFLAGS=
pkg_cv_LIBREADOSM_LIBS='-lreadosm -lz -lexpat'
pkg_cv_LIBSPATIALITE_CFLAGS=
pkg_cv_LIBSPATIALITE_LIBS=-lspatialite
pkg_cv_LIBXML2_CFLAGS=-I/usr/include/libxml2
pkg_cv_LIBXML2_LIBS=-lxml2

## ----------------- ##
## Output variables. ##
## ----------------- ##

ACLOCAL='aclocal-1.15'
AMDEPBACKSLASH='\'
AMDEP_FALSE='#'
AMDEP_TRUE=''
AMTAR='$${TAR-tar}'
AM_BACKSLASH='\'
AM_DEFAULT_V='$(AM_DEFAULT_VERBOSITY)'
AM_DEFAULT_VERBOSITY='1'
AM_V='$(V)'
AR='ar'
AS='as'
AUTOCONF='autoconf'
AUTOHEADER='autoheader'
AUTOMAKE='automake-1.15'
AWK='mawk'
CC='gcc'
CCDEPMODE='depmode=gcc3'
CFLAGS='-g -O2'
CPP='gcc -E'
CPPFLAGS=''
CXX='g++'
CXXCPP='g++ -E'
CXXDEPMODE='depmode=gcc3'
CXXFLAGS='-g -O2'
CYGPATH_W='echo'
DEFS='-DHAVE_CONFIG_H'
DEPDIR='.deps'
DLLTOOL='dlltool'
DSYMUTIL=''
DUMPBIN=''
ECHO_C=''
ECHO_N='-n'
ECHO_T=''
EGREP='/bin/grep -E'
EXEEXT=''
FGREP='/bin/grep -F'
GEOSCONFIG='/usr/bin/geos-config'
GEOS_CPPFLAGS='-I/usr/include'
GEOS_LDFLAGS='-L/usr/lib/x86_64-linux-gnu'
GREP='/bin/grep'
INSTALL_DATA='${INSTALL} -m 644'
INSTALL_PROGRAM='${INSTALL}'
INSTALL_SCRIPT='${INSTALL}'
INSTALL_STRIP_PROGRAM='$(install_sh) -c -s'
LD='/usr/bin/ld'
LDFLAGS=''
LIBFREEXL_CFLAGS=''
LIBFREEXL_LIBS='-lfreexl -lm'
LIBOBJS=''
LIBREADOSM_CFLAGS=''
LIBREADOSM_LIBS='-lreadosm -lz -lexpat'
LIBS='-lproj -lexpat -lsqlite3 -L/usr/lib/x86_64-linux-gnu -lgeos_c'
LIBSPATIALITE_CFLAGS=''
LIBSPATIALITE_LIBS='-lspatialite'
LIBTOOL='$(SHELL) $(top_builddir)/libtool'
LIBXML2_CFLAGS='-I/usr/include/libxml2'
LIBXML2_LIBS='-lxml2'
LIPO=''
LN_S='ln -s'
LTLIBOBJS=''
MAINT='#'
MAINTAINER_MODE_FALSE=''
MAINTAINER_MODE_TRUE='#'
MAKEINFO='makeinfo'
MANIFEST_TOOL=':'
MKDIR_P='/bin/mkdir -p'
NM='/usr/bin/nm -B'
NMEDIT=''
NO_READOSM_FALSE=''
NO_READOSM_TRUE='#'
OBJDUMP='objdump'
OBJEXT='o'
OTOOL64=''
OTOOL=''
PACKAGE='spatialite-tools'
PACKAGE_BUGREPORT='a.furieri@lqt.it'
PACKAGE_NAME='spatialite-tools'
PACKAGE_STRING='spatialite-tools 4.3.0'
PACKAGE_TARNAME='spatialite-tools'
PACKAGE_URL=''
PACKAGE_VERSION='4.3.0'
PATH_SEPARATOR=':'
PKG_CONFIG='/usr/bin/pkg-config'
PKG_CONFIG_LIBDIR=''
PKG_CONFIG_PATH=''
RANLIB='ranlib'
READLINE_LIBS=''
SED='/bin/sed'
SET_MAKE=''
SHELL='/bin/bash'
STRIP='strip'
VERSION='4.3.0'
ac_ct_AR='ar'
ac_ct_CC='gcc'
ac_ct_CXX='g++'
ac_ct_DUMPBIN=''
am__EXEEXT_FALSE=''
am__EXEEXT_TRUE='#'
am__fastdepCC_FALSE='#'
am__fastdepCC_TRUE=''
am__fastdepCXX_FALSE='#'
am__fastdepCXX_TRUE=''
am__include='include'
am__isrc=''
am__leading_dot='.'
am__nodep='_no'
am__quote=''
am__tar='$${TAR-tar} chof - "$$tardir"'
am__untar='$${TAR-tar} xf -'
bindir='${exec_prefix}/bin'
build='x86_64-unknown-linux-gnu'
build_alias=''
build_cpu='x86_64'
build_os='linux-gnu'
build_vendor='unknown'
datadir='${datarootdir}'
datarootdir='${prefix}/share'
docdir='${datarootdir}/doc/${PACKAGE_TARNAME}'
dvidir='${docdir}'
exec_prefix='${prefix}'
host='x86_64-unknown-linux-gnu'
host_alias=''
host_cpu='x86_64'
host_os='linux-gnu'
host_vendor='unknown'
htmldir='${docdir}'
includedir='${prefix}/include'
infodir='${datarootdir}/info'
install_sh='${SHELL} /spatialite/install-sh'
libdir='${exec_prefix}/lib'
libexecdir='${exec_prefix}/libexec'
localedir='${datarootdir}/locale'
localstatedir='${prefix}/var'
mandir='${datarootdir}/man'
mkdir_p='$(MKDIR_P)'
oldincludedir='/usr/include'
pdfdir='${docdir}'
prefix='/usr/local'
program_transform_name='s,x,x,'
psdir='${docdir}'
sbindir='${exec_prefix}/sbin'
sharedstatedir='${prefix}/com'
sysconfdir='${prefix}/etc'
target_alias=''

## ----------- ##
## confdefs.h. ##
## ----------- ##

/* confdefs.h */
#define PACKAGE_NAME "spatialite-tools"
#define PACKAGE_TARNAME "spatialite-tools"
#define PACKAGE_VERSION "4.3.0"
#define PACKAGE_STRING "spatialite-tools 4.3.0"
#define PACKAGE_BUGREPORT "a.furieri@lqt.it"
#define PACKAGE_URL ""
#define PACKAGE "spatialite-tools"
#define VERSION "4.3.0"
#define STDC_HEADERS 1
#define HAVE_SYS_TYPES_H 1
#define HAVE_SYS_STAT_H 1
#define HAVE_STDLIB_H 1
#define HAVE_STRING_H 1
#define HAVE_MEMORY_H 1
#define HAVE_STRINGS_H 1
#define HAVE_INTTYPES_H 1
#define HAVE_STDINT_H 1
#define HAVE_UNISTD_H 1
#define HAVE_STDLIB_H 1
#define HAVE_STDIO_H 1
#define HAVE_STRING_H 1
#define HAVE_MEMORY_H 1
#define HAVE_MATH_H 1
#define HAVE_FLOAT_H 1
#define HAVE_FCNTL_H 1
#define HAVE_INTTYPES_H 1
#define HAVE_STDDEF_H 1
#define HAVE_STDINT_H 1
#define HAVE_SYS_TIME_H 1
#define HAVE_UNISTD_H 1
#define HAVE_SQLITE3_H 1
#define HAVE_SQLITE3EXT_H 1
#define HAVE_DLFCN_H 1
#define LT_OBJDIR ".libs/"
#define TIME_WITH_SYS_TIME 1
#define LSTAT_FOLLOWS_SLASHED_SYMLINK 1
#define LSTAT_FOLLOWS_SLASHED_SYMLINK 1
#define HAVE_STRFTIME 1
#define HAVE_MEMSET 1
#define HAVE_STRCASECMP 1
#define HAVE_STRERROR 1
#define HAVE_STRNCASECMP 1
#define HAVE_STRSTR 1
#define HAVE_FDATASYNC 1
#define HAVE_FTRUNCATE 1
#define HAVE_GETCWD 1
#define HAVE_GETTIMEOFDAY 1
#define HAVE_LOCALTIME_R 1
#define HAVE_MEMMOVE 1
#define HAVE_STRERROR 1
#define HAVE_LIBSQLITE3 1
#define HAVE_EXPAT_H 1
#define HAVE_LIBEXPAT 1
#define HAVE_LIBPROJ 1
#define HAVE_GEOS_C_H 1
#define ENABLE_LIBXML2 1
#define HAVE_DECL_SQLITE_CONFIG_URI 1
#define HAVE_DECL_SQLITE_DBSTATUS_LOOKASIDE_USED 1
#define HAVE_DECL_SQLITE_DBSTATUS_LOOKASIDE_HIT 1
#define HAVE_DECL_SQLITE_DBSTATUS_LOOKASIDE_MISS_SIZE 1
#define HAVE_DECL_SQLITE_DBSTATUS_LOOKASIDE_MISS_FULL 1
#define HAVE_DECL_SQLITE_DBSTATUS_CACHE_USED 1
#define HAVE_DECL_SQLITE_DBSTATUS_CACHE_HIT 1
#define HAVE_DECL_SQLITE_DBSTATUS_CACHE_MISS 1
#define HAVE_DECL_SQLITE_DBSTATUS_CACHE_WRITE 1
#define HAVE_DECL_SQLITE_DBSTATUS_SCHEMA_USED 1
#define HAVE_DECL_SQLITE_DBSTATUS_STMT_USED 1
#define HAVE_DECL_SQLITE_STMTSTATUS_FULLSCAN_STEP 1
#define HAVE_DECL_SQLITE_STMTSTATUS_SORT 1
#define HAVE_DECL_SQLITE_STMTSTATUS_AUTOINDEX 1
#define HAVE_DECL_SQLITE_TESTCTRL_EXPLAIN_STMT 1
#define HAVE_DECL_SQLITE_FCNTL_VFSNAME 1

configure: exit 0
